<?xml version="1.0" encoding="UTF-8"?>
<!-- Generated by org.testng.reporters.JUnitReportReporter -->
<testsuite hostname="NANDAs-MacBook-Air.local" name="com.virtusa.guru99.pages.Registration_test" tests="1" failures="0" timestamp="18 Nov 2017 09:14:42 GMT" time="0.000" errors="1">
  <testcase name="register_test" time="0.000" classname="com.virtusa.guru99.pages.Registration_test">
    <error type="org.testng.TestNGException" message="
Some DataProvider public java.lang.Object[][] com.virtusa.guru99.pages.Registration_test.testData(java.lang.String,java.lang.String) throws java.lang.Exception parameters unresolved:  at 1 type class java.lang.String
 at 2 type class java.lang.String
">
      <![CDATA[org.testng.TestNGException: 
Some DataProvider public java.lang.Object[][] com.virtusa.guru99.pages.Registration_test.testData(java.lang.String,java.lang.String) throws java.lang.Exception parameters unresolved:  at 1 type class java.lang.String
 at 2 type class java.lang.String

	at org.testng.internal.MethodInvocationHelper.invokeDataProvider(MethodInvocationHelper.java:129)
	at org.testng.internal.Parameters.handleParameters(Parameters.java:430)
	at org.testng.internal.Invoker.handleParameters(Invoker.java:1276)
	at org.testng.internal.Invoker.createParameters(Invoker.java:992)
	at org.testng.internal.Invoker.invokeTestMethods(Invoker.java:1082)
	at org.testng.internal.TestMethodWorker.invokeTestMethods(TestMethodWorker.java:124)
	at org.testng.internal.TestMethodWorker.run(TestMethodWorker.java:108)
	at org.testng.TestRunner.privateRun(TestRunner.java:773)
	at org.testng.TestRunner.run(TestRunner.java:623)
	at org.testng.SuiteRunner.runTest(SuiteRunner.java:357)
	at org.testng.SuiteRunner.runSequentially(SuiteRunner.java:352)
	at org.testng.SuiteRunner.privateRun(SuiteRunner.java:310)
	at org.testng.SuiteRunner.run(SuiteRunner.java:259)
	at org.testng.SuiteRunnerWorker.runSuite(SuiteRunnerWorker.java:52)
	at org.testng.SuiteRunnerWorker.run(SuiteRunnerWorker.java:86)
	at org.testng.TestNG.runSuitesSequentially(TestNG.java:1185)
	at org.testng.TestNG.runSuitesLocally(TestNG.java:1110)
	at org.testng.TestNG.run(TestNG.java:1018)
	at org.testng.remote.AbstractRemoteTestNG.run(AbstractRemoteTestNG.java:114)
	at org.testng.remote.RemoteTestNG.initAndRun(RemoteTestNG.java:251)
	at org.testng.remote.RemoteTestNG.main(RemoteTestNG.java:77)
]]>
    </error>
  </testcase> <!-- register_test -->
</testsuite> <!-- com.virtusa.guru99.pages.Registration_test -->
